2024-07-15 21:38:41.132 [restartedMain] INFO o.s.c.n.e.c.DiscoveryClientOptionalArgsConfiguration - Eureka HTTP Client uses RestTemplate. 
2024-07-15 21:38:41.470 [restartedMain] WARN o.s.c.l.c.LoadBalancerCacheAutoConfiguration$LoadBalancerCaffeineWarnLogger - Spring Cloud LoadBalancer is currently working with the default cache. While this cache implementation is useful for development and tests, it's recommended to use Caffeine cache in production.You can switch to using Caffeine cache, by adding it and org.springframework.cache.caffeine.CaffeineCacheManager to the classpath. 
2024-07-15 21:38:41.512 [restartedMain] INFO o.s.b.a.e.w.EndpointLinksResolver - Exposing 21 endpoints beneath base path '/actuator' 
2024-07-15 21:38:41.653 [restartedMain] INFO o.s.c.n.e.InstanceInfoFactory - Setting initial instance status as: STARTING 
2024-07-15 21:38:41.714 [restartedMain] INFO c.n.d.DiscoveryClient - Initializing Eureka in region us-east-1 
2024-07-15 21:38:41.733 [restartedMain] INFO c.n.d.s.r.a.ConfigClusterResolver - Resolving eureka endpoints via configuration 
2024-07-15 21:38:41.764 [restartedMain] INFO c.n.d.DiscoveryClient - Disable delta property : false 
2024-07-15 21:38:41.779 [restartedMain] INFO c.n.d.DiscoveryClient - Single vip registry refresh property : null 
2024-07-15 21:38:41.794 [restartedMain] INFO c.n.d.DiscoveryClient - Force full registry fetch : false 
2024-07-15 21:38:41.814 [restartedMain] INFO c.n.d.DiscoveryClient - Application is null : false 
2024-07-15 21:38:41.828 [restartedMain] INFO c.n.d.DiscoveryClient - Registered Applications size is zero : true 
2024-07-15 21:38:41.843 [restartedMain] INFO c.n.d.DiscoveryClient - Application version is -1: true 
2024-07-15 21:38:41.857 [restartedMain] INFO c.n.d.DiscoveryClient - Getting all instance registry info from the eureka server 
2024-07-15 21:38:42.478 [restartedMain] INFO c.n.d.DiscoveryClient - The response status is 200 
2024-07-15 21:38:42.493 [restartedMain] INFO c.n.d.DiscoveryClient - Starting heartbeat executor: renew interval is: 30 
2024-07-15 21:38:42.509 [restartedMain] INFO c.n.d.InstanceInfoReplicator - InstanceInfoReplicator onDemand update allowed rate per min is 4 
2024-07-15 21:38:42.527 [restartedMain] INFO c.n.d.DiscoveryClient - Discovery Client initialized at timestamp 1721047122526 with initial instances count: 0 
2024-07-15 21:38:42.548 [restartedMain] INFO o.s.c.n.e.s.EurekaServiceRegistry - Registering application COUPON-API with eureka with status UP 
2024-07-15 21:38:42.563 [restartedMain] INFO c.n.d.DiscoveryClient - Saw local status change event StatusChangeEvent [timestamp=1721047122563, current=UP, previous=STARTING] 
2024-07-15 21:38:42.581 [DiscoveryClient-InstanceInfoReplicator-0] INFO c.n.d.DiscoveryClient - DiscoveryClient_COUPON-API/coupon-api: registering service... 
2024-07-15 21:38:42.595 [restartedMain] INFO o.s.b.w.e.t.TomcatWebServer - Tomcat started on port 8091 (http) with context path '/' 
2024-07-15 21:38:42.608 [restartedMain] INFO o.s.c.n.e.s.EurekaAutoServiceRegistration - Updating port to 8091 
2024-07-15 21:38:42.624 [restartedMain] INFO o.s.a.r.c.CachingConnectionFactory - Attempting to connect to: 133.186.241.167:5672 
2024-07-15 21:38:42.724 [restartedMain] INFO o.s.a.r.c.CachingConnectionFactory - Created new connection: connectionFactory#5d439421:0/SimpleConnection@3c2be530 [delegate=amqp://admin@133.186.241.167:5672/, localPort=56634] 
2024-07-15 21:38:42.777 [DiscoveryClient-InstanceInfoReplicator-0] INFO c.n.d.DiscoveryClient - DiscoveryClient_COUPON-API/coupon-api - registration status: 204 
2024-07-15 21:38:42.979 [restartedMain] INFO s.b.c.CouponapiApplication - Started CouponapiApplication in 8.186 seconds (process running for 8.655) 
2024-07-15 21:38:43.529 [RMI TCP Connection(3)-127.0.0.1] INFO o.a.c.c.C.[.[.[/] - Initializing Spring DispatcherServlet 'dispatcherServlet' 
2024-07-15 21:38:43.545 [RMI TCP Connection(3)-127.0.0.1] INFO o.s.w.s.DispatcherServlet - Initializing Servlet 'dispatcherServlet' 
2024-07-15 21:38:43.558 [RMI TCP Connection(3)-127.0.0.1] INFO o.s.w.s.DispatcherServlet - Completed initialization in 1 ms 
2024-07-15 21:39:12.499 [DiscoveryClient-CacheRefreshExecutor-0] INFO c.n.d.DiscoveryClient - Disable delta property : false 
2024-07-15 21:39:12.583 [DiscoveryClient-CacheRefreshExecutor-0] INFO c.n.d.DiscoveryClient - Single vip registry refresh property : null 
2024-07-15 21:39:12.596 [DiscoveryClient-CacheRefreshExecutor-0] INFO c.n.d.DiscoveryClient - Force full registry fetch : false 
2024-07-15 21:39:12.608 [DiscoveryClient-CacheRefreshExecutor-0] INFO c.n.d.DiscoveryClient - Application is null : false 
2024-07-15 21:39:12.620 [DiscoveryClient-CacheRefreshExecutor-0] INFO c.n.d.DiscoveryClient - Registered Applications size is zero : true 
2024-07-15 21:39:12.633 [DiscoveryClient-CacheRefreshExecutor-0] INFO c.n.d.DiscoveryClient - Application version is -1: false 
2024-07-15 21:39:12.647 [DiscoveryClient-CacheRefreshExecutor-0] INFO c.n.d.DiscoveryClient - Getting all instance registry info from the eureka server 
2024-07-15 21:39:12.776 [DiscoveryClient-CacheRefreshExecutor-0] INFO c.n.d.DiscoveryClient - The response status is 200 
2024-07-15 21:43:41.869 [AsyncResolver-bootstrap-executor-0] INFO c.n.d.s.r.a.ConfigClusterResolver - Resolving eureka endpoints via configuration 
2024-07-15 21:48:41.939 [AsyncResolver-bootstrap-executor-0] INFO c.n.d.s.r.a.ConfigClusterResolver - Resolving eureka endpoints via configuration 
2024-07-15 21:53:42.040 [AsyncResolver-bootstrap-executor-0] INFO c.n.d.s.r.a.ConfigClusterResolver - Resolving eureka endpoints via configuration 
2024-07-15 21:58:42.142 [AsyncResolver-bootstrap-executor-0] INFO c.n.d.s.r.a.ConfigClusterResolver - Resolving eureka endpoints via configuration 
2024-07-15 22:03:42.241 [AsyncResolver-bootstrap-executor-0] INFO c.n.d.s.r.a.ConfigClusterResolver - Resolving eureka endpoints via configuration 
2024-07-15 22:08:42.314 [AsyncResolver-bootstrap-executor-0] INFO c.n.d.s.r.a.ConfigClusterResolver - Resolving eureka endpoints via configuration 
2024-07-15 22:13:42.409 [AsyncResolver-bootstrap-executor-0] INFO c.n.d.s.r.a.ConfigClusterResolver - Resolving eureka endpoints via configuration 
2024-07-15 22:18:42.481 [AsyncResolver-bootstrap-executor-0] INFO c.n.d.s.r.a.ConfigClusterResolver - Resolving eureka endpoints via configuration 
2024-07-15 22:23:42.653 [AsyncResolver-bootstrap-executor-0] INFO c.n.d.s.r.a.ConfigClusterResolver - Resolving eureka endpoints via configuration 
2024-07-15 22:28:42.723 [AsyncResolver-bootstrap-executor-0] INFO c.n.d.s.r.a.ConfigClusterResolver - Resolving eureka endpoints via configuration 
2024-07-15 22:33:42.793 [AsyncResolver-bootstrap-executor-0] INFO c.n.d.s.r.a.ConfigClusterResolver - Resolving eureka endpoints via configuration 
2024-07-15 22:38:42.872 [AsyncResolver-bootstrap-executor-0] INFO c.n.d.s.r.a.ConfigClusterResolver - Resolving eureka endpoints via configuration 
2024-07-15 22:43:42.938 [AsyncResolver-bootstrap-executor-0] INFO c.n.d.s.r.a.ConfigClusterResolver - Resolving eureka endpoints via configuration 
2024-07-15 22:48:43.017 [AsyncResolver-bootstrap-executor-0] INFO c.n.d.s.r.a.ConfigClusterResolver - Resolving eureka endpoints via configuration 
2024-07-15 22:53:43.084 [AsyncResolver-bootstrap-executor-0] INFO c.n.d.s.r.a.ConfigClusterResolver - Resolving eureka endpoints via configuration 
2024-07-15 22:58:43.173 [AsyncResolver-bootstrap-executor-0] INFO c.n.d.s.r.a.ConfigClusterResolver - Resolving eureka endpoints via configuration 
2024-07-15 23:03:43.254 [AsyncResolver-bootstrap-executor-0] INFO c.n.d.s.r.a.ConfigClusterResolver - Resolving eureka endpoints via configuration 
2024-07-15 23:07:15.542 [SpringApplicationShutdownHook] INFO o.s.c.n.e.s.EurekaServiceRegistry - Unregistering application COUPON-API with eureka with status DOWN 
2024-07-15 23:07:15.630 [SpringApplicationShutdownHook] INFO c.n.d.DiscoveryClient - Saw local status change event StatusChangeEvent [timestamp=1721052435630, current=DOWN, previous=UP] 
2024-07-15 23:07:15.643 [DiscoveryClient-InstanceInfoReplicator-0] INFO c.n.d.DiscoveryClient - DiscoveryClient_COUPON-API/coupon-api: registering service... 
2024-07-15 23:07:15.664 [org.springframework.amqp.rabbit.RabbitListenerEndpointContainer#0-2] INFO o.s.a.r.l.SimpleMessageListenerContainer - Waiting for workers to finish. 
2024-07-15 23:07:15.676 [org.springframework.amqp.rabbit.RabbitListenerEndpointContainer#1-2] INFO o.s.a.r.l.SimpleMessageListenerContainer - Waiting for workers to finish. 
2024-07-15 23:07:15.765 [DiscoveryClient-InstanceInfoReplicator-0] INFO c.n.d.DiscoveryClient - DiscoveryClient_COUPON-API/coupon-api - registration status: 204 
2024-07-15 23:07:16.016 [org.springframework.amqp.rabbit.RabbitListenerEndpointContainer#0-2] INFO o.s.a.r.l.SimpleMessageListenerContainer - Successfully waited for workers to finish. 
2024-07-15 23:07:16.517 [org.springframework.amqp.rabbit.RabbitListenerEndpointContainer#1-2] INFO o.s.a.r.l.SimpleMessageListenerContainer - Successfully waited for workers to finish. 
2024-07-15 23:07:16.578 [SpringApplicationShutdownHook] INFO o.s.o.j.LocalContainerEntityManagerFactoryBean - Closing JPA EntityManagerFactory for persistence unit 'default' 
2024-07-15 23:07:16.597 [SpringApplicationShutdownHook] INFO c.n.d.DiscoveryClient - Shutting down DiscoveryClient ... 
2024-07-15 23:07:19.620 [SpringApplicationShutdownHook] INFO c.n.d.DiscoveryClient - Unregistering ... 
2024-07-15 23:07:19.774 [SpringApplicationShutdownHook] INFO c.n.d.DiscoveryClient - DiscoveryClient_COUPON-API/coupon-api - deregister  status: 200 
2024-07-15 23:07:19.789 [SpringApplicationShutdownHook] INFO c.n.d.DiscoveryClient - Completed shut down of DiscoveryClient 
